<?xml version="1.0" encoding="UTF-8"?>
<!-- Generated by org.testng.reporters.JUnitReportReporter -->
<testsuite hostname="Shreshth" failures="0" tests="4" name="com.example.api.ApiTest" time="2.915" errors="0" timestamp="2024-12-02T22:54:12 GMT-05:00" skipped="0">
  <testcase classname="com.example.api.ApiTest" name="testGetRequest" time="0.074"/>
  <system-out/>
  <testcase classname="com.example.api.ApiTest" name="testGetRequestWithValidation" time="0.068"/>
  <system-out/>
  <testcase classname="com.example.api.ApiTest" name="testAllPosts" time="2.565"/>
  <system-out/>
  <testcase classname="com.example.api.ApiTest" name="testPostRequest" time="0.208"/>
  <system-out/>
</testsuite> <!-- com.example.api.ApiTest -->
